
> forge-ui-styleguide@1.0.0 build
> vite build --base=ForgeUI

(!) "base" option should start with a slash.
(!) "base" option should end with a slash.
vite v2.9.14 building for production...
transforming...
✓ 83 modules transformed.
[rollup-plugin-dynamic-import-variables] Unexpected token (2:0)
file: /Users/Thomas.Smith2/Projects/personal/ForgeUI/turbo/apps/docs/src/pages/forms/date-picker/OPTIONS.md?vue&type=details&index=0&class=my-2%20mb-4&lang.details:2:0
error during build:
SyntaxError: Unexpected token (2:0)
    at Parser.pp$4.raise (/Users/Thomas.Smith2/Projects/personal/ForgeUI/turbo/node_modules/vite/node_modules/rollup/dist/shared/rollup.js:19551:13)
    at Parser.pp$9.unexpected (/Users/Thomas.Smith2/Projects/personal/ForgeUI/turbo/node_modules/vite/node_modules/rollup/dist/shared/rollup.js:16845:8)
    at Parser.pp$5.parseExprAtom (/Users/Thomas.Smith2/Projects/personal/ForgeUI/turbo/node_modules/vite/node_modules/rollup/dist/shared/rollup.js:18926:10)
    at Parser.pp$5.parseExprSubscripts (/Users/Thomas.Smith2/Projects/personal/ForgeUI/turbo/node_modules/vite/node_modules/rollup/dist/shared/rollup.js:18718:19)
    at Parser.pp$5.parseMaybeUnary (/Users/Thomas.Smith2/Projects/personal/ForgeUI/turbo/node_modules/vite/node_modules/rollup/dist/shared/rollup.js:18684:17)
    at Parser.pp$5.parseExprOps (/Users/Thomas.Smith2/Projects/personal/ForgeUI/turbo/node_modules/vite/node_modules/rollup/dist/shared/rollup.js:18611:19)
    at Parser.pp$5.parseMaybeConditional (/Users/Thomas.Smith2/Projects/personal/ForgeUI/turbo/node_modules/vite/node_modules/rollup/dist/shared/rollup.js:18594:19)
    at Parser.pp$5.parseMaybeAssign (/Users/Thomas.Smith2/Projects/personal/ForgeUI/turbo/node_modules/vite/node_modules/rollup/dist/shared/rollup.js:18561:19)
    at Parser.pp$5.parseExpression (/Users/Thomas.Smith2/Projects/personal/ForgeUI/turbo/node_modules/vite/node_modules/rollup/dist/shared/rollup.js:18524:19)
    at Parser.pp$8.parseStatement (/Users/Thomas.Smith2/Projects/personal/ForgeUI/turbo/node_modules/vite/node_modules/rollup/dist/shared/rollup.js:17035:45)
npm ERR! Lifecycle script `build` failed with error: 
npm ERR! Error: command failed 
npm ERR!   in workspace: forge-ui-styleguide@1.0.0 
npm ERR!   at location: /Users/Thomas.Smith2/Projects/personal/ForgeUI/turbo/apps/docs 
