
> @3squared/forge-ui@1.1.5 build
> node ./scripts/build.js

rimraf ./dist
node ./scripts/create-icons.js
npx vue-docgen -c scripts/docgen-config.ts
tsc utilities/index.ts
vite build && vue-tsc --declaration --emitDeclarationOnly --skipLibCheck
vite v3.2.4 building for production...
transforming...
✓ 63 modules transformed.
rendering chunks...
dist/esm/forge-ui.mjs                                              7.17 KiB / gzip: 1.81 KiB
dist/esm/components/forms/date-picker/forge-ui.mjs                 1.00 KiB / gzip: 0.50 KiB
dist/esm/components/general/stat-widget/forge-ui.mjs               0.59 KiB / gzip: 0.33 KiB
dist/esm/components/tables/table/forge-ui.mjs                      4.43 KiB / gzip: 1.46 KiB
dist/esm/components/tables/filter-header/forge-ui.mjs              3.25 KiB / gzip: 1.02 KiB
dist/esm/components/tables/pagination/forge-ui.mjs                 1.35 KiB / gzip: 0.60 KiB
dist/esm/components/general/toast/forge-ui.mjs                     1.49 KiB / gzip: 0.65 KiB
dist/esm/components/general/modal/forge-ui.mjs                     1.36 KiB / gzip: 0.65 KiB
dist/esm/components/general/modal/forge-ui2.mjs                    2.25 KiB / gzip: 1.00 KiB
dist/esm/components/general/loader/forge-ui.mjs                    0.50 KiB / gzip: 0.30 KiB
dist/esm/icons/forge-ui.mjs                                        15.12 KiB / gzip: 5.64 KiB
dist/esm/components/forms/form/forge-ui.mjs                        1.59 KiB / gzip: 0.71 KiB
dist/esm/components/general/action-button/forge-ui.mjs             0.65 KiB / gzip: 0.37 KiB
dist/esm/components/forms/inline-editor/forge-ui.mjs               2.43 KiB / gzip: 0.86 KiB
dist/esm/components/forms/multiselect/forge-ui.mjs                 2.07 KiB / gzip: 0.83 KiB
dist/esm/components/forms/file-upload/forge-ui.mjs                 2.35 KiB / gzip: 1.03 KiB
dist/esm/components/general/chart/forge-ui.mjs                     0.39 KiB / gzip: 0.24 KiB
dist/esm/components/layout/page-header/forge-ui.mjs                0.59 KiB / gzip: 0.33 KiB
dist/esm/components/forms/form-field/forge-ui.mjs                  1.61 KiB / gzip: 0.64 KiB
dist/esm/components/forms/multiselect-preview/forge-ui.mjs         2.29 KiB / gzip: 0.94 KiB
dist/esm/components/forms/remaining-characters/forge-ui.mjs        0.42 KiB / gzip: 0.29 KiB
dist/esm/components/layout/stepper/forge-ui.mjs                    1.74 KiB / gzip: 0.73 KiB
dist/esm/helpers/forge-ui.mjs                                      1.76 KiB / gzip: 0.81 KiB
dist/esm/directives/forge-ui.mjs                                   0.78 KiB / gzip: 0.32 KiB
dist/esm/validation/forge-ui.mjs                                   1.33 KiB / gzip: 0.54 KiB
dist/esm/components/tables/pagination/forge-ui2.mjs                0.89 KiB / gzip: 0.42 KiB
dist/esm/components/forms/date-picker/forge-ui2.mjs                4.19 KiB / gzip: 1.43 KiB
dist/esm/_virtual/forge-ui.mjs                                     1.00 KiB / gzip: 0.50 KiB
dist/esm/components/general/loader/forge-ui2.mjs                   0.29 KiB / gzip: 0.21 KiB
dist/esm/components/general/stat-widget/forge-ui2.mjs              0.65 KiB / gzip: 0.35 KiB
dist/esm/components/general/stat-widget/forge-ui3.mjs              0.04 KiB / gzip: 0.06 KiB
dist/esm/components/general/action-button/forge-ui2.mjs            1.02 KiB / gzip: 0.49 KiB
dist/esm/components/forms/file-upload/forge-ui2.mjs                2.28 KiB / gzip: 0.87 KiB
dist/esm/validation/forge-ui2.mjs                                  0.50 KiB / gzip: 0.29 KiB
dist/esm/components/layout/page-header/forge-ui2.mjs               0.22 KiB / gzip: 0.18 KiB
dist/esm/components/general/chart/forge-ui2.mjs                    0.61 KiB / gzip: 0.33 KiB
dist/esm/components/general/modal/forge-ui3.mjs                    1.69 KiB / gzip: 0.73 KiB
dist/esm/components/forms/form/forge-ui2.mjs                       1.10 KiB / gzip: 0.47 KiB
dist/esm/helpers/forge-ui2.mjs                                     0.41 KiB / gzip: 0.25 KiB
dist/esm/components/tables/filter-header/forge-ui2.mjs             2.88 KiB / gzip: 1.03 KiB
dist/esm/helpers/forge-ui3.mjs                                     1.46 KiB / gzip: 0.55 KiB
dist/esm/components/tables/table/forge-ui2.mjs                     4.59 KiB / gzip: 1.48 KiB
dist/esm/helpers/forge-ui4.mjs                                     0.77 KiB / gzip: 0.37 KiB
dist/esm/helpers/forge-ui5.mjs                                     0.34 KiB / gzip: 0.18 KiB
dist/esm/helpers/forge-ui6.mjs                                     1.95 KiB / gzip: 0.59 KiB
dist/esm/components/forms/inline-editor/forge-ui2.mjs              2.24 KiB / gzip: 0.84 KiB
dist/esm/components/forms/remaining-characters/forge-ui2.mjs       0.42 KiB / gzip: 0.26 KiB
dist/esm/components/forms/multiselect/forge-ui2.mjs                3.35 KiB / gzip: 1.03 KiB
dist/esm/components/forms/multiselect-preview/forge-ui2.mjs        0.95 KiB / gzip: 0.46 KiB
dist/esm/components/forms/form-field/forge-ui2.mjs                 1.76 KiB / gzip: 0.70 KiB
dist/esm/components/layout/stepper/forge-ui2.mjs                   2.06 KiB / gzip: 0.72 KiB
dist/esm/components/forms/date-picker/forge-ui3.mjs                0.49 KiB / gzip: 0.29 KiB
dist/esm/components/forms/file-upload/utils/forge-ui.mjs           1.08 KiB / gzip: 0.56 KiB
dist/esm/components/forms/file-upload/components/forge-ui.mjs      3.77 KiB / gzip: 1.11 KiB
dist/esm/components/tables/table-column-customiser/forge-ui.mjs    0.34 KiB / gzip: 0.22 KiB
dist/esm/components/tables/pagination/forge-ui3.mjs                1.07 KiB / gzip: 0.53 KiB
dist/esm/components/tables/table-column-customiser/forge-ui2.mjs   2.18 KiB / gzip: 0.88 KiB
dist/esm/components/tables/table/components/forge-ui.mjs           0.58 KiB / gzip: 0.33 KiB
dist/esm/components/tables/table-column-customiser/forge-ui3.mjs   2.96 KiB / gzip: 1.00 KiB
dist/esm/components/forms/file-upload/components/forge-ui2.mjs     4.24 KiB / gzip: 1.46 KiB
dist/esm/components/tables/pagination/forge-ui4.mjs                0.74 KiB / gzip: 0.38 KiB
dist/esm/components/tables/table/components/forge-ui2.mjs          1.49 KiB / gzip: 0.69 KiB
node ./scripts/generate-types.js
vue-docgen-web-types --c scripts/config.js
Building web-types to /Users/Thomas.Smith2/Projects/personal/ForgeUI/turbo/packages/ui/dist/web-types.json
node ./scripts/generate-styles.js dist
Building theme to put in dist
Error: Can't find stylesheet to import.
  ╷
2 │ @import 'node_modules/bootstrap/scss/bootstrap';
  │         ^^^^^^^^^^^^^^^^^^^^^^^^^^^^^^^^^^^^^^^
  ╵
  src/styles/forge.scss 2:9  @import
  src/styles/main.scss 1:9   root stylesheet
npm run is-tree-shakeable

> @3squared/forge-ui@1.1.5 is-tree-shakeable
> agadoo

'vee-validate' is imported by dist/esm/forge-ui.mjs, but could not be resolved – treating it as an external dependency
'bootstrap-vue' is imported by dist/esm/forge-ui.mjs, but could not be resolved – treating it as an external dependency
'bootstrap-vue/src/icons/helpers/make-icon' is imported by dist/esm/icons/forge-ui.mjs, but could not be resolved – treating it as an external dependency
'vue' is imported by dist/esm/components/general/toast/forge-ui.mjs, but could not be resolved – treating it as an external dependency
'bootstrap-vue' is imported by dist/esm/components/general/toast/forge-ui.mjs, but could not be resolved – treating it as an external dependency
'vue' is imported by dist/esm/components/general/modal/forge-ui2.mjs, but could not be resolved – treating it as an external dependency
'bootstrap-vue' is imported by dist/esm/components/general/modal/forge-ui2.mjs, but could not be resolved – treating it as an external dependency
'ts-simple-nameof' is imported by dist/esm/helpers/forge-ui.mjs, but could not be resolved – treating it as an external dependency
'vee-validate/dist/rules' is imported by dist/esm/validation/forge-ui.mjs, but could not be resolved – treating it as an external dependency
'vee-validate' is imported by dist/esm/validation/forge-ui.mjs, but could not be resolved – treating it as an external dependency
'vue' is imported by dist/esm/helpers/forge-ui2.mjs, but could not be resolved – treating it as an external dependency
'vee-validate' is imported by dist/esm/helpers/forge-ui2.mjs, but could not be resolved – treating it as an external dependency
'dayjs' is imported by dist/esm/helpers/forge-ui5.mjs, but could not be resolved – treating it as an external dependency
'vue' is imported by dist/esm/components/forms/date-picker/forge-ui2.mjs, but could not be resolved – treating it as an external dependency
'bootstrap-vue' is imported by dist/esm/components/forms/date-picker/forge-ui2.mjs, but could not be resolved – treating it as an external dependency
'flatpickr' is imported by dist/esm/components/forms/date-picker/forge-ui2.mjs, but could not be resolved – treating it as an external dependency
'vue' is imported by dist/esm/components/general/stat-widget/forge-ui2.mjs, but could not be resolved – treating it as an external dependency
'vue' is imported by dist/esm/components/tables/table/forge-ui2.mjs, but could not be resolved – treating it as an external dependency
'bootstrap-vue' is imported by dist/esm/components/tables/table/forge-ui2.mjs, but could not be resolved – treating it as an external dependency
'vue' is imported by dist/esm/components/tables/filter-header/forge-ui2.mjs, but could not be resolved – treating it as an external dependency
'bootstrap-vue' is imported by dist/esm/components/tables/filter-header/forge-ui2.mjs, but could not be resolved – treating it as an external dependency
'vue' is imported by dist/esm/components/tables/pagination/forge-ui2.mjs, but could not be resolved – treating it as an external dependency
'bootstrap-vue' is imported by dist/esm/components/tables/pagination/forge-ui2.mjs, but could not be resolved – treating it as an external dependency
'vue' is imported by dist/esm/components/general/modal/forge-ui3.mjs, but could not be resolved – treating it as an external dependency
'bootstrap-vue' is imported by dist/esm/components/general/modal/forge-ui3.mjs, but could not be resolved – treating it as an external dependency
'lodash/cloneDeep' is imported by dist/esm/components/general/modal/forge-ui3.mjs, but could not be resolved – treating it as an external dependency
'bootstrap-vue' is imported by dist/esm/components/general/loader/forge-ui2.mjs, but could not be resolved – treating it as an external dependency
'vue' is imported by dist/esm/components/general/loader/forge-ui2.mjs, but could not be resolved – treating it as an external dependency
'vue' is imported by dist/esm/components/forms/inline-editor/forge-ui2.mjs, but could not be resolved – treating it as an external dependency
'bootstrap-vue' is imported by dist/esm/components/forms/inline-editor/forge-ui2.mjs, but could not be resolved – treating it as an external dependency
'vue' is imported by dist/esm/components/forms/form/forge-ui2.mjs, but could not be resolved – treating it as an external dependency
'bootstrap-vue' is imported by dist/esm/components/forms/form/forge-ui2.mjs, but could not be resolved – treating it as an external dependency
'vue' is imported by dist/esm/components/general/action-button/forge-ui2.mjs, but could not be resolved – treating it as an external dependency
'bootstrap-vue' is imported by dist/esm/components/general/action-button/forge-ui2.mjs, but could not be resolved – treating it as an external dependency
'vue' is imported by dist/esm/components/forms/file-upload/forge-ui2.mjs, but could not be resolved – treating it as an external dependency
'bootstrap-vue' is imported by dist/esm/components/forms/file-upload/forge-ui2.mjs, but could not be resolved – treating it as an external dependency
'vee-validate' is imported by dist/esm/components/forms/form-field/forge-ui2.mjs, but could not be resolved – treating it as an external dependency
'vue' is imported by dist/esm/components/forms/form-field/forge-ui2.mjs, but could not be resolved – treating it as an external dependency
'bootstrap-vue' is imported by dist/esm/components/forms/form-field/forge-ui2.mjs, but could not be resolved – treating it as an external dependency
'vue' is imported by dist/esm/components/forms/multiselect/forge-ui2.mjs, but could not be resolved – treating it as an external dependency
'vue-multiselect' is imported by dist/esm/components/forms/multiselect/forge-ui2.mjs, but could not be resolved – treating it as an external dependency
'vue' is imported by dist/esm/components/layout/page-header/forge-ui2.mjs, but could not be resolved – treating it as an external dependency
'vue' is imported by dist/esm/components/forms/multiselect-preview/forge-ui2.mjs, but could not be resolved – treating it as an external dependency
'bootstrap-vue' is imported by dist/esm/components/forms/multiselect-preview/forge-ui2.mjs, but could not be resolved – treating it as an external dependency
'chart.js' is imported by dist/esm/components/general/chart/forge-ui2.mjs, but could not be resolved – treating it as an external dependency
'vue' is imported by dist/esm/components/general/chart/forge-ui2.mjs, but could not be resolved – treating it as an external dependency
'vue' is imported by dist/esm/components/forms/remaining-characters/forge-ui2.mjs, but could not be resolved – treating it as an external dependency
'vue' is imported by dist/esm/components/layout/stepper/forge-ui2.mjs, but could not be resolved – treating it as an external dependency
'bootstrap-vue' is imported by dist/esm/components/layout/stepper/forge-ui2.mjs, but could not be resolved – treating it as an external dependency
'vue' is imported by dist/esm/components/tables/pagination/forge-ui4.mjs, but could not be resolved – treating it as an external dependency
'bootstrap-vue' is imported by dist/esm/components/tables/pagination/forge-ui4.mjs, but could not be resolved – treating it as an external dependency
'vue' is imported by dist/esm/components/tables/table-column-customiser/forge-ui3.mjs, but could not be resolved – treating it as an external dependency
'bootstrap-vue' is imported by dist/esm/components/tables/table-column-customiser/forge-ui3.mjs, but could not be resolved – treating it as an external dependency
'vuedraggable' is imported by dist/esm/components/tables/table-column-customiser/forge-ui3.mjs, but could not be resolved – treating it as an external dependency
'vue' is imported by dist/esm/components/forms/file-upload/components/forge-ui2.mjs, but could not be resolved – treating it as an external dependency
'bootstrap-vue' is imported by dist/esm/components/forms/file-upload/components/forge-ui2.mjs, but could not be resolved – treating it as an external dependency
'@azure/storage-blob' is imported by dist/esm/components/forms/file-upload/components/forge-ui2.mjs, but could not be resolved – treating it as an external dependency
'@azure/abort-controller' is imported by dist/esm/components/forms/file-upload/components/forge-ui2.mjs, but could not be resolved – treating it as an external dependency
'vue' is imported by dist/esm/components/tables/table/components/forge-ui2.mjs, but could not be resolved – treating it as an external dependency
'bootstrap-vue' is imported by dist/esm/components/tables/table/components/forge-ui2.mjs, but could not be resolved – treating it as an external dependency
'localize' and 'validate' are imported from external module 'vee-validate' but never used
import 'vue';
import 'bootstrap-vue';
import 'flatpickr';
import 'ts-simple-nameof';
import 'dayjs';
import 'bootstrap-vue/src/icons/helpers/make-icon';
import 'vuedraggable';
import 'vue-multiselect';
import 'lodash/cloneDeep';
import 'vee-validate';
import '@azure/storage-blob';
import '@azure/abort-controller';
import 'chart.js';
import 'vee-validate/dist/rules';

Success! dist/esm/forge-ui.mjs is fully tree-shakeable
